2022-03-13 18:03:625 INFO  ManageDriver :30 - Launching Chrome Browser
2022-03-13 20:03:628 INFO  ManageDriver :30 - Launching Chrome Browser
2022-03-13 20:03:482 INFO  ManageDriver :30 - Launching Chrome Browser
2022-03-13 20:03:430 INFO  ManageDriver :30 - Launching Chrome Browser
2022-03-13 20:03:750 INFO  HomePage :36 - Click on the Sign in button[[ChromeDriver: chrome on WINDOWS (97c0b8d472a255c5307db4a99b612755)] -> xpath: //span[text()='Sign in']]
2022-03-13 20:03:350 INFO  ManageDriver :30 - Launching Chrome Browser
2022-03-13 20:03:451 INFO  HomePage :37 - Click on the Sign in button[[ChromeDriver: chrome on WINDOWS (2da5f4a345cec5bd4f1a3b46601c3b0b)] -> partial link text: Hello, Sign in]
2022-03-13 21:03:623 INFO  ManageDriver :30 - Launching Chrome Browser
2022-03-13 21:03:812 INFO  HomePage :37 - Click on the Sign in button[[ChromeDriver: chrome on WINDOWS (3727630240ed78f1e47a83e0a0648d87)] -> partial link text: Hello, Sign in]
2022-03-13 21:03:711 INFO  ManageDriver :30 - Launching Chrome Browser
2022-03-13 21:03:775 INFO  HomePage :37 - Click on the Sign in button[[ChromeDriver: chrome on WINDOWS (bb154bed8fb13d1317767c6265d57284)] -> partial link text: Hello, Sign in]
2022-03-13 21:03:739 INFO  ManageDriver :30 - Launching Chrome Browser
2022-03-13 21:03:185 INFO  ManageDriver :30 - Launching Chrome Browser
2022-03-13 21:03:470 INFO  HomePage :37 - Click on the Sign in button[[ChromeDriver: chrome on WINDOWS (fa9a9d273343532f43c30ed70a08a553)] -> partial link text: Hello, Sign in]
2022-03-13 21:03:364 INFO  ManageDriver :30 - Launching Chrome Browser
2022-03-13 21:03:275 INFO  ManageDriver :30 - Launching Chrome Browser
2022-03-13 21:03:728 INFO  HomePage :37 - Click on the Sign in button[[ChromeDriver: chrome on WINDOWS (46d96511e3c782545e04d2608cda3c5c)] -> partial link text: Hello, Sign in]
2022-03-13 21:03:720 INFO  SignInPage :48 - Search in the search bar[[ChromeDriver: chrome on WINDOWS (46d96511e3c782545e04d2608cda3c5c)] -> xpath: //input[@name='email']]
2022-03-13 21:03:738 INFO  SignInPage :41 - Click on the Sign in button[[ChromeDriver: chrome on WINDOWS (46d96511e3c782545e04d2608cda3c5c)] -> id: continue]
2022-03-13 21:03:573 INFO  SignInPage :53 - Search in the search bar[[ChromeDriver: chrome on WINDOWS (46d96511e3c782545e04d2608cda3c5c)] -> name: password]
2022-03-13 21:03:590 INFO  SignInPage :57 - Click on the Sign in button[[ChromeDriver: chrome on WINDOWS (46d96511e3c782545e04d2608cda3c5c)] -> id: signInSubmit]
2022-03-13 21:03:850 INFO  ManageDriver :30 - Launching Chrome Browser
2022-03-13 21:03:625 INFO  HomePage :37 - Click on the Sign in button[[ChromeDriver: chrome on WINDOWS (0138a7aaefd582f2154d4591a9f56263)] -> partial link text: Hello, Sign in]
2022-03-13 21:03:756 INFO  SignInPage :48 - Search in the search bar[[ChromeDriver: chrome on WINDOWS (0138a7aaefd582f2154d4591a9f56263)] -> xpath: //input[@name='email']]
2022-03-13 21:03:775 INFO  SignInPage :41 - Click on the Sign in button[[ChromeDriver: chrome on WINDOWS (0138a7aaefd582f2154d4591a9f56263)] -> id: continue]
2022-03-13 21:03:659 INFO  SignInPage :53 - Search in the search bar[[ChromeDriver: chrome on WINDOWS (0138a7aaefd582f2154d4591a9f56263)] -> name: password]
2022-03-13 21:03:672 INFO  SignInPage :57 - Click on the Sign in button[[ChromeDriver: chrome on WINDOWS (0138a7aaefd582f2154d4591a9f56263)] -> id: signInSubmit]
2022-03-13 22:03:157 INFO  ManageDriver :30 - Launching Chrome Browser
2022-03-13 22:03:286 INFO  HomePage :39 - Click on the Sign in button[[ChromeDriver: chrome on WINDOWS (9c470385a509187a9e02def684e80d78)] -> partial link text: Hello, Sign in]
2022-03-13 22:03:280 INFO  SignInPage :52 - Search in the search bar[[ChromeDriver: chrome on WINDOWS (9c470385a509187a9e02def684e80d78)] -> xpath: //input[@name='email']]
2022-03-13 22:03:296 INFO  SignInPage :45 - Click on the Sign in button[[ChromeDriver: chrome on WINDOWS (9c470385a509187a9e02def684e80d78)] -> id: continue]
2022-03-13 22:03:133 INFO  SignInPage :57 - Search in the search bar[[ChromeDriver: chrome on WINDOWS (9c470385a509187a9e02def684e80d78)] -> name: password]
2022-03-13 22:03:147 INFO  SignInPage :61 - Click on the Sign in button[[ChromeDriver: chrome on WINDOWS (9c470385a509187a9e02def684e80d78)] -> id: signInSubmit]
2022-03-13 22:03:160 INFO  SignInPage :68 - Verifies add to cart text[[ChromeDriver: chrome on WINDOWS (9c470385a509187a9e02def684e80d78)] -> id: nav-link-accountList-nav-line-1]
2022-03-13 22:03:809 INFO  ManageDriver :30 - Launching Chrome Browser
2022-03-13 22:03:822 INFO  HomePage :39 - Click on the Sign in button[[ChromeDriver: chrome on WINDOWS (14c389bd38b772e567bebc4fed054884)] -> partial link text: Hello, Sign in]
2022-03-13 22:03:872 INFO  SignInPage :52 - Search in the search bar[[ChromeDriver: chrome on WINDOWS (14c389bd38b772e567bebc4fed054884)] -> xpath: //input[@name='email']]
2022-03-13 22:03:891 INFO  SignInPage :45 - Click on the Sign in button[[ChromeDriver: chrome on WINDOWS (14c389bd38b772e567bebc4fed054884)] -> id: continue]
2022-03-13 22:03:787 INFO  SignInPage :57 - Search in the search bar[[ChromeDriver: chrome on WINDOWS (14c389bd38b772e567bebc4fed054884)] -> name: password]
2022-03-13 22:03:800 INFO  SignInPage :61 - Click on the Sign in button[[ChromeDriver: chrome on WINDOWS (14c389bd38b772e567bebc4fed054884)] -> id: signInSubmit]
2022-03-13 22:03:718 INFO  SignInPage :68 - Verifies add to cart text[[ChromeDriver: chrome on WINDOWS (14c389bd38b772e567bebc4fed054884)] -> id: nav-link-accountList-nav-line-1]
2022-03-13 22:03:902 INFO  ProductPage :46 - Search in the search bar[[ChromeDriver: chrome on WINDOWS (14c389bd38b772e567bebc4fed054884)] -> id: twotabsearchtextbox]
2022-03-13 22:03:926 INFO  ProductPage :50 - Click on the Search button[[ChromeDriver: chrome on WINDOWS (14c389bd38b772e567bebc4fed054884)] -> id: nav-search-submit-button]
2022-03-13 22:03:692 INFO  ManageDriver :30 - Launching Chrome Browser
2022-03-13 22:03:728 INFO  HomePage :39 - Click on the Sign in button[[ChromeDriver: chrome on WINDOWS (1f3a72a2b842be964d123cd8a7d13c21)] -> partial link text: Hello, Sign in]
2022-03-13 22:03:824 INFO  SignInPage :52 - Search in the search bar[[ChromeDriver: chrome on WINDOWS (1f3a72a2b842be964d123cd8a7d13c21)] -> xpath: //input[@name='email']]
2022-03-13 22:03:841 INFO  SignInPage :45 - Click on the Sign in button[[ChromeDriver: chrome on WINDOWS (1f3a72a2b842be964d123cd8a7d13c21)] -> id: continue]
2022-03-13 22:03:759 INFO  SignInPage :57 - Search in the search bar[[ChromeDriver: chrome on WINDOWS (1f3a72a2b842be964d123cd8a7d13c21)] -> name: password]
2022-03-13 22:03:773 INFO  SignInPage :61 - Click on the Sign in button[[ChromeDriver: chrome on WINDOWS (1f3a72a2b842be964d123cd8a7d13c21)] -> id: signInSubmit]
2022-03-13 22:03:848 INFO  SignInPage :68 - Verifies add to cart text[[ChromeDriver: chrome on WINDOWS (1f3a72a2b842be964d123cd8a7d13c21)] -> id: nav-link-accountList-nav-line-1]
2022-03-13 22:03:31 INFO  ProductPage :46 - Search in the search bar[[ChromeDriver: chrome on WINDOWS (1f3a72a2b842be964d123cd8a7d13c21)] -> id: twotabsearchtextbox]
2022-03-13 22:03:55 INFO  ProductPage :50 - Click on the Search button[[ChromeDriver: chrome on WINDOWS (1f3a72a2b842be964d123cd8a7d13c21)] -> id: nav-search-submit-button]
2022-03-13 22:03:887 INFO  ProductPage :55 - Click on the product Name[[ChromeDriver: chrome on WINDOWS (1f3a72a2b842be964d123cd8a7d13c21)] -> link text: Angels and Demons: (Robert Langdon Book 1)]
2022-03-13 22:03:523 INFO  ManageDriver :30 - Launching Chrome Browser
2022-03-13 22:03:476 INFO  HomePage :39 - Click on the Sign in button[[ChromeDriver: chrome on WINDOWS (f3040ae17b537927cf213965e00fdbd7)] -> partial link text: Hello, Sign in]
2022-03-13 22:03:445 INFO  SignInPage :52 - Search in the search bar[[ChromeDriver: chrome on WINDOWS (f3040ae17b537927cf213965e00fdbd7)] -> xpath: //input[@name='email']]
2022-03-13 22:03:462 INFO  SignInPage :45 - Click on the Sign in button[[ChromeDriver: chrome on WINDOWS (f3040ae17b537927cf213965e00fdbd7)] -> id: continue]
2022-03-13 22:03:318 INFO  SignInPage :57 - Search in the search bar[[ChromeDriver: chrome on WINDOWS (f3040ae17b537927cf213965e00fdbd7)] -> name: password]
2022-03-13 22:03:331 INFO  SignInPage :61 - Click on the Sign in button[[ChromeDriver: chrome on WINDOWS (f3040ae17b537927cf213965e00fdbd7)] -> id: signInSubmit]
2022-03-13 22:03:347 INFO  SignInPage :68 - Verifies add to cart text[[ChromeDriver: chrome on WINDOWS (f3040ae17b537927cf213965e00fdbd7)] -> id: nav-link-accountList-nav-line-1]
2022-03-13 22:03:526 INFO  ProductPage :46 - Search in the search bar[[ChromeDriver: chrome on WINDOWS (f3040ae17b537927cf213965e00fdbd7)] -> id: twotabsearchtextbox]
2022-03-13 22:03:542 INFO  ProductPage :50 - Click on the Search button[[ChromeDriver: chrome on WINDOWS (f3040ae17b537927cf213965e00fdbd7)] -> id: nav-search-submit-button]
2022-03-13 22:03:216 INFO  ProductPage :55 - Click on the product Name[[ChromeDriver: chrome on WINDOWS (f3040ae17b537927cf213965e00fdbd7)] -> link text: Angels and Demons: (Robert Langdon Book 1)]
2022-03-13 22:03:803 INFO  ManageDriver :30 - Launching Chrome Browser
2022-03-13 22:03:878 INFO  HomePage :39 - Click on the Sign in button[[ChromeDriver: chrome on WINDOWS (d94092341af2e56f3c012d67482ea5ad)] -> partial link text: Hello, Sign in]
2022-03-13 22:03:15 INFO  SignInPage :52 - Search in the search bar[[ChromeDriver: chrome on WINDOWS (d94092341af2e56f3c012d67482ea5ad)] -> xpath: //input[@name='email']]
2022-03-13 22:03:31 INFO  SignInPage :45 - Click on the Sign in button[[ChromeDriver: chrome on WINDOWS (d94092341af2e56f3c012d67482ea5ad)] -> id: continue]
2022-03-13 22:03:983 INFO  SignInPage :57 - Search in the search bar[[ChromeDriver: chrome on WINDOWS (d94092341af2e56f3c012d67482ea5ad)] -> name: password]
2022-03-13 22:03:999 INFO  SignInPage :61 - Click on the Sign in button[[ChromeDriver: chrome on WINDOWS (d94092341af2e56f3c012d67482ea5ad)] -> id: signInSubmit]
2022-03-13 22:03:998 INFO  SignInPage :68 - Verifies add to cart text[[ChromeDriver: chrome on WINDOWS (d94092341af2e56f3c012d67482ea5ad)] -> id: nav-link-accountList-nav-line-1]
2022-03-13 22:03:165 INFO  ProductPage :46 - Search in the search bar[[ChromeDriver: chrome on WINDOWS (d94092341af2e56f3c012d67482ea5ad)] -> id: twotabsearchtextbox]
2022-03-13 22:03:181 INFO  ProductPage :50 - Click on the Search button[[ChromeDriver: chrome on WINDOWS (d94092341af2e56f3c012d67482ea5ad)] -> id: nav-search-submit-button]
2022-03-13 22:03:37 INFO  ProductPage :55 - Click on the product Name[[ChromeDriver: chrome on WINDOWS (d94092341af2e56f3c012d67482ea5ad)] -> link text: Angels and Demons: (Robert Langdon Book 1)]
2022-03-13 22:03:532 INFO  ManageDriver :30 - Launching Chrome Browser
2022-03-13 22:03:583 INFO  HomePage :39 - Click on the Sign in button[[ChromeDriver: chrome on WINDOWS (282938c5131bc58c40ab27fa0b3f2780)] -> partial link text: Hello, Sign in]
2022-03-13 22:03:781 INFO  SignInPage :52 - Search in the search bar[[ChromeDriver: chrome on WINDOWS (282938c5131bc58c40ab27fa0b3f2780)] -> xpath: //input[@name='email']]
2022-03-13 22:03:798 INFO  SignInPage :45 - Click on the Sign in button[[ChromeDriver: chrome on WINDOWS (282938c5131bc58c40ab27fa0b3f2780)] -> id: continue]
2022-03-13 22:03:659 INFO  SignInPage :57 - Search in the search bar[[ChromeDriver: chrome on WINDOWS (282938c5131bc58c40ab27fa0b3f2780)] -> name: password]
2022-03-13 22:03:673 INFO  SignInPage :61 - Click on the Sign in button[[ChromeDriver: chrome on WINDOWS (282938c5131bc58c40ab27fa0b3f2780)] -> id: signInSubmit]
2022-03-13 22:03:666 INFO  SignInPage :68 - Verifies add to cart text[[ChromeDriver: chrome on WINDOWS (282938c5131bc58c40ab27fa0b3f2780)] -> id: nav-link-accountList-nav-line-1]
2022-03-13 22:03:866 INFO  ProductPage :46 - Search in the search bar[[ChromeDriver: chrome on WINDOWS (282938c5131bc58c40ab27fa0b3f2780)] -> id: twotabsearchtextbox]
2022-03-13 22:03:882 INFO  ProductPage :50 - Click on the Search button[[ChromeDriver: chrome on WINDOWS (282938c5131bc58c40ab27fa0b3f2780)] -> id: nav-search-submit-button]
2022-03-13 22:03:673 INFO  ProductPage :55 - Click on the product Name[[ChromeDriver: chrome on WINDOWS (282938c5131bc58c40ab27fa0b3f2780)] -> link text: Angels and Demons: (Robert Langdon Book 1)]
2022-03-13 22:03:766 INFO  ManageDriver :30 - Launching Chrome Browser
2022-03-13 22:03:744 INFO  HomePage :39 - Click on the Sign in button[[ChromeDriver: chrome on WINDOWS (2b56e00bca774850ba886df234862c97)] -> partial link text: Hello, Sign in]
2022-03-13 22:03:707 INFO  SignInPage :52 - Search in the search bar[[ChromeDriver: chrome on WINDOWS (2b56e00bca774850ba886df234862c97)] -> xpath: //input[@name='email']]
2022-03-13 22:03:723 INFO  SignInPage :45 - Click on the Sign in button[[ChromeDriver: chrome on WINDOWS (2b56e00bca774850ba886df234862c97)] -> id: continue]
2022-03-13 22:03:643 INFO  SignInPage :57 - Search in the search bar[[ChromeDriver: chrome on WINDOWS (2b56e00bca774850ba886df234862c97)] -> name: password]
2022-03-13 22:03:655 INFO  SignInPage :61 - Click on the Sign in button[[ChromeDriver: chrome on WINDOWS (2b56e00bca774850ba886df234862c97)] -> id: signInSubmit]
2022-03-13 22:03:652 INFO  SignInPage :68 - Verifies add to cart text[[ChromeDriver: chrome on WINDOWS (2b56e00bca774850ba886df234862c97)] -> id: nav-link-accountList-nav-line-1]
2022-03-13 22:03:834 INFO  ProductPage :44 - Search in the search bar[[ChromeDriver: chrome on WINDOWS (2b56e00bca774850ba886df234862c97)] -> id: twotabsearchtextbox]
2022-03-13 22:03:858 INFO  ProductPage :48 - Click on the Search button[[ChromeDriver: chrome on WINDOWS (2b56e00bca774850ba886df234862c97)] -> id: nav-search-submit-button]
2022-03-13 22:03:460 INFO  ProductPage :53 - Click on the product Name[[ChromeDriver: chrome on WINDOWS (2b56e00bca774850ba886df234862c97)] -> link text: Angels and Demons: (Robert Langdon Book 1)]
2022-03-13 22:03:751 INFO  ManageDriver :30 - Launching Chrome Browser
2022-03-13 22:03:820 INFO  HomePage :39 - Click on the Sign in button[[ChromeDriver: chrome on WINDOWS (5c0a265665cdc90f63d1634bef6c972a)] -> partial link text: Hello, Sign in]
2022-03-13 22:03:879 INFO  SignInPage :52 - Search in the search bar[[ChromeDriver: chrome on WINDOWS (5c0a265665cdc90f63d1634bef6c972a)] -> xpath: //input[@name='email']]
2022-03-13 22:03:896 INFO  SignInPage :45 - Click on the Sign in button[[ChromeDriver: chrome on WINDOWS (5c0a265665cdc90f63d1634bef6c972a)] -> id: continue]
2022-03-13 22:03:744 INFO  SignInPage :57 - Search in the search bar[[ChromeDriver: chrome on WINDOWS (5c0a265665cdc90f63d1634bef6c972a)] -> name: password]
2022-03-13 22:03:757 INFO  SignInPage :61 - Click on the Sign in button[[ChromeDriver: chrome on WINDOWS (5c0a265665cdc90f63d1634bef6c972a)] -> id: signInSubmit]
2022-03-13 22:03:792 INFO  SignInPage :68 - Verifies add to cart text[[ChromeDriver: chrome on WINDOWS (5c0a265665cdc90f63d1634bef6c972a)] -> id: nav-link-accountList-nav-line-1]
2022-03-13 22:03:987 INFO  ProductPage :44 - Search in the search bar[[ChromeDriver: chrome on WINDOWS (5c0a265665cdc90f63d1634bef6c972a)] -> id: twotabsearchtextbox]
2022-03-13 22:03:03 INFO  ProductPage :48 - Click on the Search button[[ChromeDriver: chrome on WINDOWS (5c0a265665cdc90f63d1634bef6c972a)] -> id: nav-search-submit-button]
2022-03-13 22:03:570 INFO  ProductPage :53 - Click on the product Name[[ChromeDriver: chrome on WINDOWS (5c0a265665cdc90f63d1634bef6c972a)] -> link text: Angels and Demons: (Robert Langdon Book 1)]
2022-03-13 22:03:411 INFO  ManageDriver :30 - Launching Chrome Browser
2022-03-13 22:03:395 INFO  HomePage :39 - Click on the Sign in button[[ChromeDriver: chrome on WINDOWS (962412f9d5ef21ad5dca778628c26514)] -> partial link text: Hello, Sign in]
2022-03-13 22:03:544 INFO  SignInPage :52 - Search in the search bar[[ChromeDriver: chrome on WINDOWS (962412f9d5ef21ad5dca778628c26514)] -> xpath: //input[@name='email']]
2022-03-13 22:03:563 INFO  SignInPage :45 - Click on the Sign in button[[ChromeDriver: chrome on WINDOWS (962412f9d5ef21ad5dca778628c26514)] -> id: continue]
2022-03-13 22:03:456 INFO  SignInPage :57 - Search in the search bar[[ChromeDriver: chrome on WINDOWS (962412f9d5ef21ad5dca778628c26514)] -> name: password]
2022-03-13 22:03:469 INFO  SignInPage :61 - Click on the Sign in button[[ChromeDriver: chrome on WINDOWS (962412f9d5ef21ad5dca778628c26514)] -> id: signInSubmit]
2022-03-13 22:03:558 INFO  SignInPage :68 - Verifies add to cart text[[ChromeDriver: chrome on WINDOWS (962412f9d5ef21ad5dca778628c26514)] -> id: nav-link-accountList-nav-line-1]
2022-03-13 22:03:851 INFO  ProductPage :44 - Search in the search bar[[ChromeDriver: chrome on WINDOWS (962412f9d5ef21ad5dca778628c26514)] -> id: twotabsearchtextbox]
2022-03-13 22:03:875 INFO  ProductPage :48 - Click on the Search button[[ChromeDriver: chrome on WINDOWS (962412f9d5ef21ad5dca778628c26514)] -> id: nav-search-submit-button]
2022-03-13 22:03:646 INFO  ProductPage :53 - Click on the product Name[[ChromeDriver: chrome on WINDOWS (962412f9d5ef21ad5dca778628c26514)] -> link text: Angels and Demons: (Robert Langdon Book 1)]
2022-03-13 22:03:653 INFO  ManageDriver :30 - Launching Chrome Browser
2022-03-13 22:03:767 INFO  HomePage :39 - Click on the Sign in button[[ChromeDriver: chrome on WINDOWS (4d62e7a442306e6ec4d52a9950d0e7b8)] -> partial link text: Hello, Sign in]
2022-03-13 22:03:939 INFO  SignInPage :52 - Search in the search bar[[ChromeDriver: chrome on WINDOWS (4d62e7a442306e6ec4d52a9950d0e7b8)] -> xpath: //input[@name='email']]
2022-03-13 22:03:957 INFO  SignInPage :45 - Click on the Sign in button[[ChromeDriver: chrome on WINDOWS (4d62e7a442306e6ec4d52a9950d0e7b8)] -> id: continue]
2022-03-13 22:03:989 INFO  SignInPage :57 - Search in the search bar[[ChromeDriver: chrome on WINDOWS (4d62e7a442306e6ec4d52a9950d0e7b8)] -> name: password]
2022-03-13 22:03:03 INFO  SignInPage :61 - Click on the Sign in button[[ChromeDriver: chrome on WINDOWS (4d62e7a442306e6ec4d52a9950d0e7b8)] -> id: signInSubmit]
2022-03-13 22:03:06 INFO  SignInPage :68 - Verifies add to cart text[[ChromeDriver: chrome on WINDOWS (4d62e7a442306e6ec4d52a9950d0e7b8)] -> id: nav-link-accountList-nav-line-1]
2022-03-13 22:03:208 INFO  ProductPage :45 - Search in the search bar[[ChromeDriver: chrome on WINDOWS (4d62e7a442306e6ec4d52a9950d0e7b8)] -> id: twotabsearchtextbox]
2022-03-13 22:03:248 INFO  ProductPage :49 - Click on the Search button[[ChromeDriver: chrome on WINDOWS (4d62e7a442306e6ec4d52a9950d0e7b8)] -> id: nav-search-submit-button]
2022-03-13 22:03:172 INFO  ProductPage :54 - Click on the product Name[[ChromeDriver: chrome on WINDOWS (4d62e7a442306e6ec4d52a9950d0e7b8)] -> link text: Angels and Demons: (Robert Langdon Book 1)]
2022-03-13 22:03:885 INFO  ManageDriver :30 - Launching Chrome Browser
2022-03-13 22:03:821 INFO  HomePage :39 - Click on the Sign in button[[ChromeDriver: chrome on WINDOWS (91ec51f64a526d6276994bdc9a2d7ad3)] -> partial link text: Hello, Sign in]
2022-03-13 22:03:536 INFO  SignInPage :52 - Search in the search bar[[ChromeDriver: chrome on WINDOWS (91ec51f64a526d6276994bdc9a2d7ad3)] -> xpath: //input[@name='email']]
2022-03-13 22:03:550 INFO  SignInPage :45 - Click on the Sign in button[[ChromeDriver: chrome on WINDOWS (91ec51f64a526d6276994bdc9a2d7ad3)] -> id: continue]
2022-03-13 22:03:349 INFO  SignInPage :57 - Search in the search bar[[ChromeDriver: chrome on WINDOWS (91ec51f64a526d6276994bdc9a2d7ad3)] -> name: password]
2022-03-13 22:03:369 INFO  SignInPage :61 - Click on the Sign in button[[ChromeDriver: chrome on WINDOWS (91ec51f64a526d6276994bdc9a2d7ad3)] -> id: signInSubmit]
2022-03-13 22:03:384 INFO  SignInPage :68 - Verifies add to cart text[[ChromeDriver: chrome on WINDOWS (91ec51f64a526d6276994bdc9a2d7ad3)] -> id: nav-link-accountList-nav-line-1]
2022-03-13 22:03:559 INFO  ProductPage :45 - Search in the search bar[[ChromeDriver: chrome on WINDOWS (91ec51f64a526d6276994bdc9a2d7ad3)] -> id: twotabsearchtextbox]
2022-03-13 22:03:582 INFO  ProductPage :49 - Click on the Search button[[ChromeDriver: chrome on WINDOWS (91ec51f64a526d6276994bdc9a2d7ad3)] -> id: nav-search-submit-button]
2022-03-13 22:03:250 INFO  ProductPage :54 - Click on the product Name[[ChromeDriver: chrome on WINDOWS (91ec51f64a526d6276994bdc9a2d7ad3)] -> link text: Angels and Demons: (Robert Langdon Book 1)]
2022-03-13 22:03:352 INFO  ManageDriver :30 - Launching Chrome Browser
2022-03-13 22:03:430 INFO  HomePage :39 - Click on the Sign in button[[ChromeDriver: chrome on WINDOWS (6790b0cdecac40df4b027f2e43b3629c)] -> partial link text: Hello, Sign in]
2022-03-13 22:03:400 INFO  SignInPage :52 - Search in the search bar[[ChromeDriver: chrome on WINDOWS (6790b0cdecac40df4b027f2e43b3629c)] -> xpath: //input[@name='email']]
2022-03-13 22:03:418 INFO  SignInPage :45 - Click on the Sign in button[[ChromeDriver: chrome on WINDOWS (6790b0cdecac40df4b027f2e43b3629c)] -> id: continue]
2022-03-13 22:03:323 INFO  SignInPage :57 - Search in the search bar[[ChromeDriver: chrome on WINDOWS (6790b0cdecac40df4b027f2e43b3629c)] -> name: password]
2022-03-13 22:03:337 INFO  SignInPage :61 - Click on the Sign in button[[ChromeDriver: chrome on WINDOWS (6790b0cdecac40df4b027f2e43b3629c)] -> id: signInSubmit]
2022-03-13 22:03:235 INFO  SignInPage :68 - Verifies add to cart text[[ChromeDriver: chrome on WINDOWS (6790b0cdecac40df4b027f2e43b3629c)] -> id: nav-link-accountList-nav-line-1]
2022-03-13 22:03:435 INFO  ProductPage :45 - Search in the search bar[[ChromeDriver: chrome on WINDOWS (6790b0cdecac40df4b027f2e43b3629c)] -> id: twotabsearchtextbox]
2022-03-13 22:03:459 INFO  ProductPage :49 - Click on the Search button[[ChromeDriver: chrome on WINDOWS (6790b0cdecac40df4b027f2e43b3629c)] -> id: nav-search-submit-button]
2022-03-13 22:03:397 INFO  ProductPage :54 - Click on the product Name[[ChromeDriver: chrome on WINDOWS (6790b0cdecac40df4b027f2e43b3629c)] -> link text: Angels and Demons: (Robert Langdon Book 1)]
2022-03-13 22:03:493 INFO  ManageDriver :30 - Launching Chrome Browser
2022-03-13 22:03:557 INFO  HomePage :39 - Click on the Sign in button[[ChromeDriver: chrome on WINDOWS (b7bd91fe6420e5ba5b91fcea37be87a1)] -> partial link text: Hello, Sign in]
2022-03-13 22:03:551 INFO  SignInPage :52 - Search in the search bar[[ChromeDriver: chrome on WINDOWS (b7bd91fe6420e5ba5b91fcea37be87a1)] -> xpath: //input[@name='email']]
2022-03-13 22:03:569 INFO  SignInPage :45 - Click on the Sign in button[[ChromeDriver: chrome on WINDOWS (b7bd91fe6420e5ba5b91fcea37be87a1)] -> id: continue]
2022-03-13 22:03:455 INFO  SignInPage :57 - Search in the search bar[[ChromeDriver: chrome on WINDOWS (b7bd91fe6420e5ba5b91fcea37be87a1)] -> name: password]
2022-03-13 22:03:468 INFO  SignInPage :61 - Click on the Sign in button[[ChromeDriver: chrome on WINDOWS (b7bd91fe6420e5ba5b91fcea37be87a1)] -> id: signInSubmit]
2022-03-13 22:03:334 INFO  SignInPage :68 - Verifies add to cart text[[ChromeDriver: chrome on WINDOWS (b7bd91fe6420e5ba5b91fcea37be87a1)] -> id: nav-link-accountList-nav-line-1]
2022-03-13 22:03:526 INFO  ProductPage :45 - Search in the search bar[[ChromeDriver: chrome on WINDOWS (b7bd91fe6420e5ba5b91fcea37be87a1)] -> id: twotabsearchtextbox]
2022-03-13 22:03:542 INFO  ProductPage :49 - Click on the Search button[[ChromeDriver: chrome on WINDOWS (b7bd91fe6420e5ba5b91fcea37be87a1)] -> id: nav-search-submit-button]
2022-03-13 22:03:215 INFO  ProductPage :54 - Click on the product Name[[ChromeDriver: chrome on WINDOWS (b7bd91fe6420e5ba5b91fcea37be87a1)] -> link text: Angels and Demons: (Robert Langdon Book 1)]
2022-03-13 22:03:279 INFO  ManageDriver :30 - Launching Chrome Browser
2022-03-13 22:03:591 INFO  HomePage :39 - Click on the Sign in button[[ChromeDriver: chrome on WINDOWS (a6e8a3ea7ce2bc6bccd45fb20e18c741)] -> partial link text: Hello, Sign in]
2022-03-13 22:03:551 INFO  SignInPage :52 - Search in the search bar[[ChromeDriver: chrome on WINDOWS (a6e8a3ea7ce2bc6bccd45fb20e18c741)] -> xpath: //input[@name='email']]
2022-03-13 22:03:567 INFO  SignInPage :45 - Click on the Sign in button[[ChromeDriver: chrome on WINDOWS (a6e8a3ea7ce2bc6bccd45fb20e18c741)] -> id: continue]
2022-03-13 22:03:455 INFO  SignInPage :57 - Search in the search bar[[ChromeDriver: chrome on WINDOWS (a6e8a3ea7ce2bc6bccd45fb20e18c741)] -> name: password]
2022-03-13 22:03:471 INFO  SignInPage :61 - Click on the Sign in button[[ChromeDriver: chrome on WINDOWS (a6e8a3ea7ce2bc6bccd45fb20e18c741)] -> id: signInSubmit]
2022-03-13 22:03:493 INFO  SignInPage :68 - Verifies add to cart text[[ChromeDriver: chrome on WINDOWS (a6e8a3ea7ce2bc6bccd45fb20e18c741)] -> id: nav-link-accountList-nav-line-1]
2022-03-13 22:03:686 INFO  ProductPage :45 - Search in the search bar[[ChromeDriver: chrome on WINDOWS (a6e8a3ea7ce2bc6bccd45fb20e18c741)] -> id: twotabsearchtextbox]
2022-03-13 22:03:702 INFO  ProductPage :49 - Click on the Search button[[ChromeDriver: chrome on WINDOWS (a6e8a3ea7ce2bc6bccd45fb20e18c741)] -> id: nav-search-submit-button]
2022-03-13 22:03:338 INFO  ProductPage :54 - Click on the product Name[[ChromeDriver: chrome on WINDOWS (a6e8a3ea7ce2bc6bccd45fb20e18c741)] -> link text: Angels and Demons: (Robert Langdon Book 1)]
2022-03-13 22:03:107 INFO  ManageDriver :30 - Launching Chrome Browser
2022-03-13 22:03:300 INFO  HomePage :39 - Click on the Sign in button[[ChromeDriver: chrome on WINDOWS (82303d2085d49afb47ed1cc85079a0be)] -> partial link text: Hello, Sign in]
2022-03-13 22:03:304 INFO  SignInPage :52 - Search in the search bar[[ChromeDriver: chrome on WINDOWS (82303d2085d49afb47ed1cc85079a0be)] -> xpath: //input[@name='email']]
2022-03-13 22:03:321 INFO  SignInPage :45 - Click on the Sign in button[[ChromeDriver: chrome on WINDOWS (82303d2085d49afb47ed1cc85079a0be)] -> id: continue]
2022-03-13 22:03:269 INFO  SignInPage :57 - Search in the search bar[[ChromeDriver: chrome on WINDOWS (82303d2085d49afb47ed1cc85079a0be)] -> name: password]
2022-03-13 22:03:281 INFO  SignInPage :61 - Click on the Sign in button[[ChromeDriver: chrome on WINDOWS (82303d2085d49afb47ed1cc85079a0be)] -> id: signInSubmit]
2022-03-13 22:03:204 INFO  SignInPage :68 - Verifies add to cart text[[ChromeDriver: chrome on WINDOWS (82303d2085d49afb47ed1cc85079a0be)] -> id: nav-link-accountList-nav-line-1]
2022-03-13 22:03:380 INFO  ProductPage :45 - Search in the search bar[[ChromeDriver: chrome on WINDOWS (82303d2085d49afb47ed1cc85079a0be)] -> id: twotabsearchtextbox]
2022-03-13 22:03:388 INFO  ProductPage :49 - Click on the Search button[[ChromeDriver: chrome on WINDOWS (82303d2085d49afb47ed1cc85079a0be)] -> id: nav-search-submit-button]
2022-03-13 22:03:87 INFO  ProductPage :54 - Click on the product Name[[ChromeDriver: chrome on WINDOWS (82303d2085d49afb47ed1cc85079a0be)] -> link text: Angels and Demons: (Robert Langdon Book 1)]
2022-03-13 22:03:604 INFO  ManageDriver :30 - Launching Chrome Browser
2022-03-13 22:03:572 INFO  HomePage :39 - Click on the Sign in button[[ChromeDriver: chrome on WINDOWS (d60c6014938eadac8c7b22dad0ea51b0)] -> partial link text: Hello, Sign in]
2022-03-13 22:03:668 INFO  SignInPage :52 - Search in the search bar[[ChromeDriver: chrome on WINDOWS (d60c6014938eadac8c7b22dad0ea51b0)] -> xpath: //input[@name='email']]
2022-03-13 22:03:685 INFO  SignInPage :45 - Click on the Sign in button[[ChromeDriver: chrome on WINDOWS (d60c6014938eadac8c7b22dad0ea51b0)] -> id: continue]
2022-03-13 22:03:579 INFO  SignInPage :57 - Search in the search bar[[ChromeDriver: chrome on WINDOWS (d60c6014938eadac8c7b22dad0ea51b0)] -> name: password]
2022-03-13 22:03:593 INFO  SignInPage :61 - Click on the Sign in button[[ChromeDriver: chrome on WINDOWS (d60c6014938eadac8c7b22dad0ea51b0)] -> id: signInSubmit]
2022-03-13 22:03:521 INFO  SignInPage :68 - Verifies add to cart text[[ChromeDriver: chrome on WINDOWS (d60c6014938eadac8c7b22dad0ea51b0)] -> id: nav-link-accountList-nav-line-1]
2022-03-13 22:03:695 INFO  ProductPage :45 - Search in the search bar[[ChromeDriver: chrome on WINDOWS (d60c6014938eadac8c7b22dad0ea51b0)] -> id: twotabsearchtextbox]
2022-03-13 22:03:711 INFO  ProductPage :49 - Click on the Search button[[ChromeDriver: chrome on WINDOWS (d60c6014938eadac8c7b22dad0ea51b0)] -> id: nav-search-submit-button]
2022-03-13 22:03:359 INFO  ProductPage :54 - Click on the product Name[[ChromeDriver: chrome on WINDOWS (d60c6014938eadac8c7b22dad0ea51b0)] -> link text: Angels and Demons: (Robert Langdon Book 1)]
2022-03-13 23:03:501 INFO  ManageDriver :30 - Launching Chrome Browser
2022-03-13 23:03:570 INFO  HomePage :39 - Click on the Sign in button[[ChromeDriver: chrome on WINDOWS (ddb6dc7d6feaec544c9ed2d94de7482d)] -> partial link text: Hello, Sign in]
2022-03-13 23:03:738 INFO  SignInPage :52 - Search in the search bar[[ChromeDriver: chrome on WINDOWS (ddb6dc7d6feaec544c9ed2d94de7482d)] -> xpath: //input[@name='email']]
2022-03-13 23:03:757 INFO  SignInPage :45 - Click on the Sign in button[[ChromeDriver: chrome on WINDOWS (ddb6dc7d6feaec544c9ed2d94de7482d)] -> id: continue]
2022-03-13 23:03:624 INFO  SignInPage :57 - Search in the search bar[[ChromeDriver: chrome on WINDOWS (ddb6dc7d6feaec544c9ed2d94de7482d)] -> name: password]
2022-03-13 23:03:640 INFO  SignInPage :61 - Click on the Sign in button[[ChromeDriver: chrome on WINDOWS (ddb6dc7d6feaec544c9ed2d94de7482d)] -> id: signInSubmit]
2022-03-13 23:03:661 INFO  SignInPage :68 - Verifies add to cart text[[ChromeDriver: chrome on WINDOWS (ddb6dc7d6feaec544c9ed2d94de7482d)] -> id: nav-link-accountList-nav-line-1]
2022-03-13 23:03:847 INFO  ProductPage :45 - Search in the search bar[[ChromeDriver: chrome on WINDOWS (ddb6dc7d6feaec544c9ed2d94de7482d)] -> id: twotabsearchtextbox]
2022-03-13 23:03:863 INFO  ProductPage :49 - Click on the Search button[[ChromeDriver: chrome on WINDOWS (ddb6dc7d6feaec544c9ed2d94de7482d)] -> id: nav-search-submit-button]
2022-03-13 23:03:989 INFO  ProductPage :54 - Click on the product Name[[ChromeDriver: chrome on WINDOWS (ddb6dc7d6feaec544c9ed2d94de7482d)] -> link text: Angels and Demons: (Robert Langdon Book 1)]
2022-03-13 23:03:322 INFO  ManageDriver :30 - Launching Chrome Browser
2022-03-13 23:03:375 INFO  HomePage :39 - Click on the Sign in button[[ChromeDriver: chrome on WINDOWS (fe55176d39df21d05ee82137d8f42e1a)] -> partial link text: Hello, Sign in]
2022-03-13 23:03:384 INFO  SignInPage :52 - Search in the search bar[[ChromeDriver: chrome on WINDOWS (fe55176d39df21d05ee82137d8f42e1a)] -> xpath: //input[@name='email']]
2022-03-13 23:03:402 INFO  SignInPage :45 - Click on the Sign in button[[ChromeDriver: chrome on WINDOWS (fe55176d39df21d05ee82137d8f42e1a)] -> id: continue]
2022-03-13 23:03:301 INFO  SignInPage :57 - Search in the search bar[[ChromeDriver: chrome on WINDOWS (fe55176d39df21d05ee82137d8f42e1a)] -> name: password]
2022-03-13 23:03:313 INFO  SignInPage :61 - Click on the Sign in button[[ChromeDriver: chrome on WINDOWS (fe55176d39df21d05ee82137d8f42e1a)] -> id: signInSubmit]
2022-03-13 23:03:344 INFO  SignInPage :68 - Verifies add to cart text[[ChromeDriver: chrome on WINDOWS (fe55176d39df21d05ee82137d8f42e1a)] -> id: nav-link-accountList-nav-line-1]
2022-03-13 23:03:560 INFO  ProductPage :45 - Search in the search bar[[ChromeDriver: chrome on WINDOWS (fe55176d39df21d05ee82137d8f42e1a)] -> id: twotabsearchtextbox]
2022-03-13 23:03:576 INFO  ProductPage :49 - Click on the Search button[[ChromeDriver: chrome on WINDOWS (fe55176d39df21d05ee82137d8f42e1a)] -> id: nav-search-submit-button]
2022-03-13 23:03:277 INFO  ProductPage :54 - Click on the product Name[[ChromeDriver: chrome on WINDOWS (fe55176d39df21d05ee82137d8f42e1a)] -> link text: Angels and Demons: (Robert Langdon Book 1)]
2022-03-14 10:03:246 INFO  ManageDriver :30 - Launching Chrome Browser
2022-03-14 10:03:780 INFO  HomePage :39 - Click on the Sign in button[[ChromeDriver: chrome on WINDOWS (c73e3f96d5f4371ff0d1f3b9d253424a)] -> partial link text: Hello, Sign in]
2022-03-14 10:03:878 INFO  SignInPage :52 - Search in the search bar[[ChromeDriver: chrome on WINDOWS (c73e3f96d5f4371ff0d1f3b9d253424a)] -> xpath: //input[@name='email']]
2022-03-14 10:03:896 INFO  SignInPage :45 - Click on the Sign in button[[ChromeDriver: chrome on WINDOWS (c73e3f96d5f4371ff0d1f3b9d253424a)] -> id: continue]
2022-03-14 10:03:745 INFO  SignInPage :57 - Search in the search bar[[ChromeDriver: chrome on WINDOWS (c73e3f96d5f4371ff0d1f3b9d253424a)] -> name: password]
2022-03-14 10:03:756 INFO  SignInPage :61 - Click on the Sign in button[[ChromeDriver: chrome on WINDOWS (c73e3f96d5f4371ff0d1f3b9d253424a)] -> id: signInSubmit]
2022-03-14 10:03:794 INFO  SignInPage :68 - Verifies add to cart text[[ChromeDriver: chrome on WINDOWS (c73e3f96d5f4371ff0d1f3b9d253424a)] -> id: nav-link-accountList-nav-line-1]
2022-03-14 10:03:994 INFO  ProductPage :45 - Search in the search bar[[ChromeDriver: chrome on WINDOWS (c73e3f96d5f4371ff0d1f3b9d253424a)] -> id: twotabsearchtextbox]
2022-03-14 10:03:10 INFO  ProductPage :49 - Click on the Search button[[ChromeDriver: chrome on WINDOWS (c73e3f96d5f4371ff0d1f3b9d253424a)] -> id: nav-search-submit-button]
2022-03-14 10:03:16 INFO  ProductPage :54 - Click on the product Name[[ChromeDriver: chrome on WINDOWS (c73e3f96d5f4371ff0d1f3b9d253424a)] -> link text: Angels and Demons: (Robert Langdon Book 1)]
2022-03-14 10:03:922 INFO  ManageDriver :30 - Launching Chrome Browser
2022-03-14 10:03:913 INFO  HomePage :39 - Click on the Sign in button[[ChromeDriver: chrome on WINDOWS (b29fe42fc9ba4e395720f3ae85c9ec69)] -> partial link text: Hello, Sign in]
2022-03-14 10:03:869 INFO  SignInPage :52 - Search in the search bar[[ChromeDriver: chrome on WINDOWS (b29fe42fc9ba4e395720f3ae85c9ec69)] -> xpath: //input[@name='email']]
2022-03-14 10:03:886 INFO  SignInPage :45 - Click on the Sign in button[[ChromeDriver: chrome on WINDOWS (b29fe42fc9ba4e395720f3ae85c9ec69)] -> id: continue]
2022-03-14 10:03:775 INFO  SignInPage :57 - Search in the search bar[[ChromeDriver: chrome on WINDOWS (b29fe42fc9ba4e395720f3ae85c9ec69)] -> name: password]
2022-03-14 10:03:788 INFO  SignInPage :61 - Click on the Sign in button[[ChromeDriver: chrome on WINDOWS (b29fe42fc9ba4e395720f3ae85c9ec69)] -> id: signInSubmit]
2022-03-14 10:03:701 INFO  SignInPage :68 - Verifies add to cart text[[ChromeDriver: chrome on WINDOWS (b29fe42fc9ba4e395720f3ae85c9ec69)] -> id: nav-link-accountList-nav-line-1]
2022-03-14 10:03:877 INFO  ProductPage :45 - Search in the search bar[[ChromeDriver: chrome on WINDOWS (b29fe42fc9ba4e395720f3ae85c9ec69)] -> id: twotabsearchtextbox]
2022-03-14 10:03:900 INFO  ProductPage :49 - Click on the Search button[[ChromeDriver: chrome on WINDOWS (b29fe42fc9ba4e395720f3ae85c9ec69)] -> id: nav-search-submit-button]
2022-03-14 10:03:453 INFO  ProductPage :54 - Click on the product Name[[ChromeDriver: chrome on WINDOWS (b29fe42fc9ba4e395720f3ae85c9ec69)] -> link text: Angels and Demons: (Robert Langdon Book 1)]
2022-03-14 10:03:530 INFO  ManageDriver :30 - Launching Chrome Browser
2022-03-14 10:03:501 INFO  HomePage :39 - Click on the Sign in button[[ChromeDriver: chrome on WINDOWS (e77a2fdc910e3ad56835aa3f447665ee)] -> partial link text: Hello, Sign in]
2022-03-14 10:03:563 INFO  SignInPage :52 - Search in the search bar[[ChromeDriver: chrome on WINDOWS (e77a2fdc910e3ad56835aa3f447665ee)] -> xpath: //input[@name='email']]
2022-03-14 10:03:581 INFO  SignInPage :45 - Click on the Sign in button[[ChromeDriver: chrome on WINDOWS (e77a2fdc910e3ad56835aa3f447665ee)] -> id: continue]
2022-03-14 10:03:399 INFO  SignInPage :57 - Search in the search bar[[ChromeDriver: chrome on WINDOWS (e77a2fdc910e3ad56835aa3f447665ee)] -> name: password]
2022-03-14 10:03:414 INFO  SignInPage :61 - Click on the Sign in button[[ChromeDriver: chrome on WINDOWS (e77a2fdc910e3ad56835aa3f447665ee)] -> id: signInSubmit]
2022-03-14 10:03:353 INFO  SignInPage :68 - Verifies add to cart text[[ChromeDriver: chrome on WINDOWS (e77a2fdc910e3ad56835aa3f447665ee)] -> id: nav-link-accountList-nav-line-1]
2022-03-14 10:03:548 INFO  ProductPage :45 - Search in the search bar[[ChromeDriver: chrome on WINDOWS (e77a2fdc910e3ad56835aa3f447665ee)] -> id: twotabsearchtextbox]
2022-03-14 10:03:572 INFO  ProductPage :49 - Click on the Search button[[ChromeDriver: chrome on WINDOWS (e77a2fdc910e3ad56835aa3f447665ee)] -> id: nav-search-submit-button]
2022-03-14 10:03:59 INFO  ProductPage :54 - Click on the product Name[[ChromeDriver: chrome on WINDOWS (e77a2fdc910e3ad56835aa3f447665ee)] -> link text: Angels and Demons: (Robert Langdon Book 1)]
2022-03-14 10:03:668 INFO  ManageDriver :30 - Launching Chrome Browser
2022-03-14 10:03:648 INFO  HomePage :39 - Click on the Sign in button[[ChromeDriver: chrome on WINDOWS (a7721f58402ecb2c37bd7dced325a648)] -> partial link text: Hello, Sign in]
2022-03-14 10:03:647 INFO  SignInPage :52 - Search in the search bar[[ChromeDriver: chrome on WINDOWS (a7721f58402ecb2c37bd7dced325a648)] -> xpath: //input[@name='email']]
2022-03-14 10:03:667 INFO  SignInPage :45 - Click on the Sign in button[[ChromeDriver: chrome on WINDOWS (a7721f58402ecb2c37bd7dced325a648)] -> id: continue]
2022-03-14 10:03:532 INFO  SignInPage :57 - Search in the search bar[[ChromeDriver: chrome on WINDOWS (a7721f58402ecb2c37bd7dced325a648)] -> name: password]
2022-03-14 10:03:546 INFO  SignInPage :61 - Click on the Sign in button[[ChromeDriver: chrome on WINDOWS (a7721f58402ecb2c37bd7dced325a648)] -> id: signInSubmit]
2022-03-14 10:03:413 INFO  SignInPage :68 - Verifies add to cart text[[ChromeDriver: chrome on WINDOWS (a7721f58402ecb2c37bd7dced325a648)] -> id: nav-link-accountList-nav-line-1]
2022-03-14 10:03:605 INFO  ProductPage :45 - Search in the search bar[[ChromeDriver: chrome on WINDOWS (a7721f58402ecb2c37bd7dced325a648)] -> id: twotabsearchtextbox]
2022-03-14 10:03:621 INFO  ProductPage :49 - Click on the Search button[[ChromeDriver: chrome on WINDOWS (a7721f58402ecb2c37bd7dced325a648)] -> id: nav-search-submit-button]
2022-03-14 10:03:149 INFO  ProductPage :54 - Click on the product Name[[ChromeDriver: chrome on WINDOWS (a7721f58402ecb2c37bd7dced325a648)] -> link text: Angels and Demons: (Robert Langdon Book 1)]
2022-03-14 10:03:624 INFO  ManageDriver :30 - Launching Chrome Browser
2022-03-14 10:03:673 INFO  HomePage :39 - Click on the Sign in button[[ChromeDriver: chrome on WINDOWS (4c996fb30b0572f31f948f7a67f367e5)] -> partial link text: Hello, Sign in]
2022-03-14 10:03:732 INFO  SignInPage :52 - Search in the search bar[[ChromeDriver: chrome on WINDOWS (4c996fb30b0572f31f948f7a67f367e5)] -> xpath: //input[@name='email']]
2022-03-14 10:03:750 INFO  SignInPage :45 - Click on the Sign in button[[ChromeDriver: chrome on WINDOWS (4c996fb30b0572f31f948f7a67f367e5)] -> id: continue]
2022-03-14 10:03:593 INFO  SignInPage :57 - Search in the search bar[[ChromeDriver: chrome on WINDOWS (4c996fb30b0572f31f948f7a67f367e5)] -> name: password]
2022-03-14 10:03:607 INFO  SignInPage :61 - Click on the Sign in button[[ChromeDriver: chrome on WINDOWS (4c996fb30b0572f31f948f7a67f367e5)] -> id: signInSubmit]
2022-03-14 10:03:649 INFO  SignInPage :68 - Verifies add to cart text[[ChromeDriver: chrome on WINDOWS (4c996fb30b0572f31f948f7a67f367e5)] -> id: nav-link-accountList-nav-line-1]
2022-03-14 10:03:810 INFO  ProductPage :45 - Search in the search bar[[ChromeDriver: chrome on WINDOWS (4c996fb30b0572f31f948f7a67f367e5)] -> id: twotabsearchtextbox]
2022-03-14 10:03:826 INFO  ProductPage :49 - Click on the Search button[[ChromeDriver: chrome on WINDOWS (4c996fb30b0572f31f948f7a67f367e5)] -> id: nav-search-submit-button]
2022-03-14 10:03:332 INFO  ProductPage :54 - Click on the product Name[[ChromeDriver: chrome on WINDOWS (4c996fb30b0572f31f948f7a67f367e5)] -> link text: Angels and Demons: (Robert Langdon Book 1)]
2022-03-14 10:03:07 INFO  ProductPage :69 - Search in the product quantity3
2022-03-14 10:03:39 INFO  ProductPage :75 - Click on the addToCartButton[[ChromeDriver: chrome on WINDOWS (4c996fb30b0572f31f948f7a67f367e5)] -> xpath: //input[@id='add-to-cart-button']]
2022-03-14 10:03:816 INFO  ManageDriver :30 - Launching Chrome Browser
2022-03-14 10:03:855 INFO  HomePage :39 - Click on the Sign in button[[ChromeDriver: chrome on WINDOWS (f7eb52e6a57633f45ee8678ecc6cf506)] -> partial link text: Hello, Sign in]
2022-03-14 10:03:942 INFO  SignInPage :52 - Search in the search bar[[ChromeDriver: chrome on WINDOWS (f7eb52e6a57633f45ee8678ecc6cf506)] -> xpath: //input[@name='email']]
2022-03-14 10:03:958 INFO  SignInPage :45 - Click on the Sign in button[[ChromeDriver: chrome on WINDOWS (f7eb52e6a57633f45ee8678ecc6cf506)] -> id: continue]
2022-03-14 10:03:831 INFO  SignInPage :57 - Search in the search bar[[ChromeDriver: chrome on WINDOWS (f7eb52e6a57633f45ee8678ecc6cf506)] -> name: password]
2022-03-14 10:03:847 INFO  SignInPage :61 - Click on the Sign in button[[ChromeDriver: chrome on WINDOWS (f7eb52e6a57633f45ee8678ecc6cf506)] -> id: signInSubmit]
2022-03-14 10:03:899 INFO  ManageDriver :30 - Launching Chrome Browser
2022-03-14 10:03:50 INFO  HomePage :39 - Click on the Sign in button[[ChromeDriver: chrome on WINDOWS (2cc3ea52491aba563787acaa29cb25f0)] -> partial link text: Hello, Sign in]
2022-03-14 10:03:69 INFO  SignInPage :52 - Search in the search bar[[ChromeDriver: chrome on WINDOWS (2cc3ea52491aba563787acaa29cb25f0)] -> xpath: //input[@name='email']]
2022-03-14 10:03:86 INFO  SignInPage :45 - Click on the Sign in button[[ChromeDriver: chrome on WINDOWS (2cc3ea52491aba563787acaa29cb25f0)] -> id: continue]
2022-03-14 10:03:02 INFO  SignInPage :57 - Search in the search bar[[ChromeDriver: chrome on WINDOWS (2cc3ea52491aba563787acaa29cb25f0)] -> name: password]
2022-03-14 10:03:20 INFO  SignInPage :61 - Click on the Sign in button[[ChromeDriver: chrome on WINDOWS (2cc3ea52491aba563787acaa29cb25f0)] -> id: signInSubmit]
2022-03-14 10:03:463 INFO  ProductPage :50 - Search in the search bar[[ChromeDriver: chrome on WINDOWS (2cc3ea52491aba563787acaa29cb25f0)] -> id: twotabsearchtextbox]
2022-03-14 10:03:503 INFO  ProductPage :54 - Click on the Search button[[ChromeDriver: chrome on WINDOWS (2cc3ea52491aba563787acaa29cb25f0)] -> id: nav-search-submit-button]
2022-03-14 10:03:410 INFO  ProductPage :59 - Click on the product Name[[ChromeDriver: chrome on WINDOWS (2cc3ea52491aba563787acaa29cb25f0)] -> link text: Angels and Demons: (Robert Langdon Book 1)]
2022-03-14 10:03:862 INFO  ProductPage :74 - Search in the product quantity3
2022-03-14 10:03:878 INFO  ProductPage :78 - Click on the addToCartButton[[ChromeDriver: chrome on WINDOWS (2cc3ea52491aba563787acaa29cb25f0)] -> xpath: //input[@id='add-to-cart-button']]
2022-03-14 11:03:695 INFO  ManageDriver :30 - Launching Chrome Browser
2022-03-14 11:03:927 INFO  HomePage :39 - Click on the Sign in button[[ChromeDriver: chrome on WINDOWS (a00c2819f0d25931fca444866b2f5f88)] -> partial link text: Hello, Sign in]
2022-03-14 11:03:818 INFO  SignInPage :52 - Search in the search bar[[ChromeDriver: chrome on WINDOWS (a00c2819f0d25931fca444866b2f5f88)] -> xpath: //input[@name='email']]
2022-03-14 11:03:832 INFO  SignInPage :45 - Click on the Sign in button[[ChromeDriver: chrome on WINDOWS (a00c2819f0d25931fca444866b2f5f88)] -> id: continue]
2022-03-14 11:03:604 INFO  SignInPage :57 - Search in the search bar[[ChromeDriver: chrome on WINDOWS (a00c2819f0d25931fca444866b2f5f88)] -> name: password]
2022-03-14 11:03:615 INFO  SignInPage :61 - Click on the Sign in button[[ChromeDriver: chrome on WINDOWS (a00c2819f0d25931fca444866b2f5f88)] -> id: signInSubmit]
2022-03-14 11:03:573 INFO  ProductPage :58 - Search in the search bar[[ChromeDriver: chrome on WINDOWS (a00c2819f0d25931fca444866b2f5f88)] -> id: twotabsearchtextbox]
2022-03-14 11:03:607 INFO  ProductPage :62 - Click on the Search button[[ChromeDriver: chrome on WINDOWS (a00c2819f0d25931fca444866b2f5f88)] -> id: nav-search-submit-button]
2022-03-14 11:03:208 INFO  ProductPage :67 - Click on the product Name[[ChromeDriver: chrome on WINDOWS (a00c2819f0d25931fca444866b2f5f88)] -> link text: Angels and Demons: (Robert Langdon Book 1)]
2022-03-14 11:03:872 INFO  ManageDriver :30 - Launching Chrome Browser
2022-03-14 11:03:212 INFO  HomePage :39 - Click on the Sign in button[[ChromeDriver: chrome on WINDOWS (eeb13f36fef3c138bbff551b40f55ba6)] -> partial link text: Hello, Sign in]
2022-03-14 11:03:33 INFO  SignInPage :52 - Search in the search bar[[ChromeDriver: chrome on WINDOWS (eeb13f36fef3c138bbff551b40f55ba6)] -> xpath: //input[@name='email']]
2022-03-14 11:03:48 INFO  SignInPage :45 - Click on the Sign in button[[ChromeDriver: chrome on WINDOWS (eeb13f36fef3c138bbff551b40f55ba6)] -> id: continue]
2022-03-14 11:03:843 INFO  SignInPage :57 - Search in the search bar[[ChromeDriver: chrome on WINDOWS (eeb13f36fef3c138bbff551b40f55ba6)] -> name: password]
2022-03-14 11:03:855 INFO  SignInPage :61 - Click on the Sign in button[[ChromeDriver: chrome on WINDOWS (eeb13f36fef3c138bbff551b40f55ba6)] -> id: signInSubmit]
2022-03-14 11:03:143 INFO  ProductPage :58 - Search in the search bar[[ChromeDriver: chrome on WINDOWS (eeb13f36fef3c138bbff551b40f55ba6)] -> id: twotabsearchtextbox]
2022-03-14 11:03:160 INFO  ProductPage :62 - Click on the Search button[[ChromeDriver: chrome on WINDOWS (eeb13f36fef3c138bbff551b40f55ba6)] -> id: nav-search-submit-button]
2022-03-14 11:03:638 INFO  ProductPage :67 - Click on the product Name[[ChromeDriver: chrome on WINDOWS (eeb13f36fef3c138bbff551b40f55ba6)] -> link text: Angels and Demons: (Robert Langdon Book 1)]
2022-03-14 11:03:876 INFO  ProductPage :83 - Search in the product quantity3
2022-03-14 11:03:897 INFO  ProductPage :96 - Click on the addToCartButton[[ChromeDriver: chrome on WINDOWS (eeb13f36fef3c138bbff551b40f55ba6)] -> xpath: //input[@id='add-to-cart-button']]
2022-03-14 11:03:321 INFO  ManageDriver :30 - Launching Chrome Browser
2022-03-14 11:03:695 INFO  HomePage :39 - Click on the Sign in button[[ChromeDriver: chrome on WINDOWS (6724642651bc9a61bfcd220c1f4a23e6)] -> partial link text: Hello, Sign in]
2022-03-14 11:03:534 INFO  SignInPage :52 - Search in the search bar[[ChromeDriver: chrome on WINDOWS (6724642651bc9a61bfcd220c1f4a23e6)] -> xpath: //input[@name='email']]
2022-03-14 11:03:549 INFO  SignInPage :45 - Click on the Sign in button[[ChromeDriver: chrome on WINDOWS (6724642651bc9a61bfcd220c1f4a23e6)] -> id: continue]
2022-03-14 11:03:370 INFO  SignInPage :57 - Search in the search bar[[ChromeDriver: chrome on WINDOWS (6724642651bc9a61bfcd220c1f4a23e6)] -> name: password]
2022-03-14 11:03:380 INFO  SignInPage :61 - Click on the Sign in button[[ChromeDriver: chrome on WINDOWS (6724642651bc9a61bfcd220c1f4a23e6)] -> id: signInSubmit]
2022-03-14 11:03:963 INFO  SignInPage :68 - Verifies add to cart text[[ChromeDriver: chrome on WINDOWS (6724642651bc9a61bfcd220c1f4a23e6)] -> id: nav-link-accountList-nav-line-1]
2022-03-14 11:03:108 INFO  ProductPage :58 - Search in the search bar[[ChromeDriver: chrome on WINDOWS (6724642651bc9a61bfcd220c1f4a23e6)] -> id: twotabsearchtextbox]
2022-03-14 11:03:129 INFO  ProductPage :62 - Click on the Search button[[ChromeDriver: chrome on WINDOWS (6724642651bc9a61bfcd220c1f4a23e6)] -> id: nav-search-submit-button]
2022-03-14 11:03:666 INFO  ProductPage :67 - Click on the product Name[[ChromeDriver: chrome on WINDOWS (6724642651bc9a61bfcd220c1f4a23e6)] -> link text: Angels and Demons: (Robert Langdon Book 1)]
2022-03-14 11:03:698 INFO  ProductPage :83 - Search in the product quantity3
2022-03-14 11:03:744 INFO  ProductPage :96 - Click on the addToCartButtonProxy element for: DefaultElementLocator 'By.xpath: //input[@id='add-to-cart-button']'
2022-03-14 11:03:42 INFO  ManageDriver :30 - Launching Chrome Browser
2022-03-14 11:03:377 INFO  HomePage :39 - Click on the Sign in button[[ChromeDriver: chrome on WINDOWS (fae1843441f9309d56026233870f6aec)] -> partial link text: Hello, Sign in]
2022-03-14 11:03:361 INFO  SignInPage :52 - Search in the search bar[[ChromeDriver: chrome on WINDOWS (fae1843441f9309d56026233870f6aec)] -> xpath: //input[@name='email']]
2022-03-14 11:03:378 INFO  SignInPage :45 - Click on the Sign in button[[ChromeDriver: chrome on WINDOWS (fae1843441f9309d56026233870f6aec)] -> id: continue]
2022-03-14 11:03:205 INFO  SignInPage :57 - Search in the search bar[[ChromeDriver: chrome on WINDOWS (fae1843441f9309d56026233870f6aec)] -> name: password]
2022-03-14 11:03:216 INFO  SignInPage :61 - Click on the Sign in button[[ChromeDriver: chrome on WINDOWS (fae1843441f9309d56026233870f6aec)] -> id: signInSubmit]
2022-03-14 11:03:172 INFO  SignInPage :68 - Verifies add to cart text[[ChromeDriver: chrome on WINDOWS (fae1843441f9309d56026233870f6aec)] -> id: nav-link-accountList-nav-line-1]
2022-03-14 11:03:58 INFO  ProductPage :67 - Search in the search bar[[ChromeDriver: chrome on WINDOWS (fae1843441f9309d56026233870f6aec)] -> id: twotabsearchtextbox]
2022-03-14 11:03:73 INFO  ProductPage :71 - Click on the Search button[[ChromeDriver: chrome on WINDOWS (fae1843441f9309d56026233870f6aec)] -> id: nav-search-submit-button]
2022-03-14 11:03:738 INFO  ProductPage :76 - Click on the product Name[[ChromeDriver: chrome on WINDOWS (fae1843441f9309d56026233870f6aec)] -> link text: Angels and Demons: (Robert Langdon Book 1)]
2022-03-14 11:03:08 INFO  ProductPage :92 - Search in the product quantity3
2022-03-14 11:03:28 INFO  ProductPage :98 - Click on the addToCartButton[[ChromeDriver: chrome on WINDOWS (fae1843441f9309d56026233870f6aec)] -> xpath: //input[@id='add-to-cart-button']]
2022-03-14 11:03:407 INFO  ProductPage :104 - Verifies add to cart text[[ChromeDriver: chrome on WINDOWS (fae1843441f9309d56026233870f6aec)] -> xpath: //span[contains(text(),'Added to Cart')]]
2022-03-14 12:03:969 INFO  ManageDriver :30 - Launching Chrome Browser
2022-03-14 12:03:402 INFO  HomePage :39 - Click on the Sign in button[[ChromeDriver: chrome on WINDOWS (d3b110c5e18dceb8194b0d274653cc36)] -> partial link text: Hello, Sign in]
2022-03-14 12:03:276 INFO  SignInPage :52 - Search in the search bar[[ChromeDriver: chrome on WINDOWS (d3b110c5e18dceb8194b0d274653cc36)] -> xpath: //input[@name='email']]
2022-03-14 12:03:293 INFO  SignInPage :45 - Click on the Sign in button[[ChromeDriver: chrome on WINDOWS (d3b110c5e18dceb8194b0d274653cc36)] -> id: continue]
2022-03-14 12:03:64 INFO  SignInPage :57 - Search in the search bar[[ChromeDriver: chrome on WINDOWS (d3b110c5e18dceb8194b0d274653cc36)] -> name: password]
2022-03-14 12:03:76 INFO  SignInPage :61 - Click on the Sign in button[[ChromeDriver: chrome on WINDOWS (d3b110c5e18dceb8194b0d274653cc36)] -> id: signInSubmit]
2022-03-14 12:03:230 INFO  ProductPage :67 - Search in the search bar[[ChromeDriver: chrome on WINDOWS (d3b110c5e18dceb8194b0d274653cc36)] -> id: twotabsearchtextbox]
2022-03-14 12:03:247 INFO  ProductPage :71 - Click on the Search button[[ChromeDriver: chrome on WINDOWS (d3b110c5e18dceb8194b0d274653cc36)] -> id: nav-search-submit-button]
2022-03-14 12:03:742 INFO  ProductPage :76 - Click on the product Name[[ChromeDriver: chrome on WINDOWS (d3b110c5e18dceb8194b0d274653cc36)] -> link text: Angels and Demons: (Robert Langdon Book 1)]
2022-03-14 12:03:117 INFO  ProductPage :92 - Search in the product quantity3
2022-03-14 12:03:137 INFO  ProductPage :98 - Click on the addToCartButton[[ChromeDriver: chrome on WINDOWS (d3b110c5e18dceb8194b0d274653cc36)] -> xpath: //input[@id='add-to-cart-button']]
2022-03-14 12:03:504 INFO  ProductPage :104 - Verifies add to cart text[[ChromeDriver: chrome on WINDOWS (d3b110c5e18dceb8194b0d274653cc36)] -> xpath: //span[contains(text(),'Added to Cart')]]
2022-03-14 12:03:90 INFO  ManageDriver :30 - Launching Chrome Browser
2022-03-14 12:03:571 INFO  HomePage :39 - Click on the Sign in button[[ChromeDriver: chrome on WINDOWS (a024b1e26e5c314333ee584df1c23f0b)] -> partial link text: Hello, Sign in]
2022-03-14 12:03:415 INFO  SignInPage :52 - Search in the search bar[[ChromeDriver: chrome on WINDOWS (a024b1e26e5c314333ee584df1c23f0b)] -> xpath: //input[@name='email']]
2022-03-14 12:03:429 INFO  SignInPage :45 - Click on the Sign in button[[ChromeDriver: chrome on WINDOWS (a024b1e26e5c314333ee584df1c23f0b)] -> id: continue]
2022-03-14 12:03:220 INFO  SignInPage :57 - Search in the search bar[[ChromeDriver: chrome on WINDOWS (a024b1e26e5c314333ee584df1c23f0b)] -> name: password]
2022-03-14 12:03:233 INFO  SignInPage :61 - Click on the Sign in button[[ChromeDriver: chrome on WINDOWS (a024b1e26e5c314333ee584df1c23f0b)] -> id: signInSubmit]
2022-03-14 12:03:104 INFO  SignInPage :68 - Verifies add to cart text[[ChromeDriver: chrome on WINDOWS (a024b1e26e5c314333ee584df1c23f0b)] -> id: nav-link-accountList-nav-line-1]
2022-03-14 12:03:823 INFO  ProductPage :67 - Search in the search bar[[ChromeDriver: chrome on WINDOWS (a024b1e26e5c314333ee584df1c23f0b)] -> id: twotabsearchtextbox]
2022-03-14 12:03:834 INFO  ProductPage :71 - Click on the Search button[[ChromeDriver: chrome on WINDOWS (a024b1e26e5c314333ee584df1c23f0b)] -> id: nav-search-submit-button]
2022-03-14 12:03:404 INFO  ProductPage :76 - Click on the product Name[[ChromeDriver: chrome on WINDOWS (a024b1e26e5c314333ee584df1c23f0b)] -> link text: Angels and Demons: (Robert Langdon Book 1)]
2022-03-14 12:03:863 INFO  ProductPage :92 - Search in the product quantity3
2022-03-14 12:03:882 INFO  ProductPage :98 - Click on the addToCartButton[[ChromeDriver: chrome on WINDOWS (a024b1e26e5c314333ee584df1c23f0b)] -> xpath: //input[@id='add-to-cart-button']]
2022-03-14 12:03:185 INFO  ProductPage :104 - Verifies add to cart text[[ChromeDriver: chrome on WINDOWS (a024b1e26e5c314333ee584df1c23f0b)] -> xpath: //span[contains(text(),'Added to Cart')]]
2022-03-14 12:03:385 INFO  ManageDriver :30 - Launching Chrome Browser
2022-03-14 12:03:805 INFO  HomePage :39 - Click on the Sign in button[[ChromeDriver: chrome on WINDOWS (6969a0f72ea76831b574309769a98647)] -> partial link text: Hello, Sign in]
2022-03-14 12:03:834 INFO  SignInPage :52 - Search in the search bar[[ChromeDriver: chrome on WINDOWS (6969a0f72ea76831b574309769a98647)] -> xpath: //input[@name='email']]
2022-03-14 12:03:848 INFO  SignInPage :45 - Click on the Sign in button[[ChromeDriver: chrome on WINDOWS (6969a0f72ea76831b574309769a98647)] -> id: continue]
2022-03-14 12:03:616 INFO  SignInPage :57 - Search in the search bar[[ChromeDriver: chrome on WINDOWS (6969a0f72ea76831b574309769a98647)] -> name: password]
2022-03-14 12:03:628 INFO  SignInPage :61 - Click on the Sign in button[[ChromeDriver: chrome on WINDOWS (6969a0f72ea76831b574309769a98647)] -> id: signInSubmit]
2022-03-14 12:03:593 INFO  SignInPage :68 - Verifies add to cart text[[ChromeDriver: chrome on WINDOWS (6969a0f72ea76831b574309769a98647)] -> id: nav-link-accountList-nav-line-1]
2022-03-14 12:03:428 INFO  ProductPage :67 - Search in the search bar[[ChromeDriver: chrome on WINDOWS (6969a0f72ea76831b574309769a98647)] -> id: twotabsearchtextbox]
2022-03-14 12:03:442 INFO  ProductPage :71 - Click on the Search button[[ChromeDriver: chrome on WINDOWS (6969a0f72ea76831b574309769a98647)] -> id: nav-search-submit-button]
2022-03-14 12:03:30 INFO  ProductPage :76 - Click on the product Name[[ChromeDriver: chrome on WINDOWS (6969a0f72ea76831b574309769a98647)] -> link text: Angels and Demons: (Robert Langdon Book 1)]
2022-03-14 12:03:682 INFO  ProductPage :92 - Search in the product quantity3
2022-03-14 12:03:712 INFO  ProductPage :98 - Click on the addToCartButton[[ChromeDriver: chrome on WINDOWS (6969a0f72ea76831b574309769a98647)] -> xpath: //input[@id='add-to-cart-button']]
2022-03-14 12:03:994 INFO  ProductPage :104 - Verifies add to cart text[[ChromeDriver: chrome on WINDOWS (6969a0f72ea76831b574309769a98647)] -> xpath: //span[contains(text(),'Added to Cart')]]
2022-03-14 12:03:162 INFO  ManageDriver :30 - Launching Chrome Browser
2022-03-14 12:03:634 INFO  HomePage :39 - Click on the Sign in button[[ChromeDriver: chrome on WINDOWS (18768ce6da96fdc08be0cdb3ba239a97)] -> partial link text: Hello, Sign in]
2022-03-14 12:03:490 INFO  SignInPage :52 - Search in the search bar[[ChromeDriver: chrome on WINDOWS (18768ce6da96fdc08be0cdb3ba239a97)] -> xpath: //input[@name='email']]
2022-03-14 12:03:504 INFO  SignInPage :45 - Click on the Sign in button[[ChromeDriver: chrome on WINDOWS (18768ce6da96fdc08be0cdb3ba239a97)] -> id: continue]
2022-03-14 12:03:437 INFO  SignInPage :57 - Search in the search bar[[ChromeDriver: chrome on WINDOWS (18768ce6da96fdc08be0cdb3ba239a97)] -> name: password]
2022-03-14 12:03:448 INFO  SignInPage :61 - Click on the Sign in button[[ChromeDriver: chrome on WINDOWS (18768ce6da96fdc08be0cdb3ba239a97)] -> id: signInSubmit]
2022-03-14 12:03:283 INFO  SignInPage :68 - Verifies add to cart text[[ChromeDriver: chrome on WINDOWS (18768ce6da96fdc08be0cdb3ba239a97)] -> id: nav-link-accountList-nav-line-1]
2022-03-14 12:03:950 INFO  ProductPage :67 - Search in the search bar[[ChromeDriver: chrome on WINDOWS (18768ce6da96fdc08be0cdb3ba239a97)] -> id: twotabsearchtextbox]
2022-03-14 12:03:962 INFO  ProductPage :71 - Click on the Search button[[ChromeDriver: chrome on WINDOWS (18768ce6da96fdc08be0cdb3ba239a97)] -> id: nav-search-submit-button]
2022-03-14 12:03:608 INFO  ProductPage :76 - Click on the product Name[[ChromeDriver: chrome on WINDOWS (18768ce6da96fdc08be0cdb3ba239a97)] -> link text: Angels and Demons: (Robert Langdon Book 1)]
2022-03-14 12:03:407 INFO  ProductPage :92 - Search in the product quantity3
2022-03-14 12:03:430 INFO  ProductPage :98 - Click on the addToCartButton[[ChromeDriver: chrome on WINDOWS (18768ce6da96fdc08be0cdb3ba239a97)] -> xpath: //input[@id='add-to-cart-button']]
2022-03-14 12:03:740 INFO  ProductPage :104 - Verifies add to cart text[[ChromeDriver: chrome on WINDOWS (18768ce6da96fdc08be0cdb3ba239a97)] -> xpath: //span[contains(text(),'Added to Cart')]]
2022-03-14 12:03:371 INFO  ManageDriver :30 - Launching Chrome Browser
2022-03-14 12:03:756 INFO  HomePage :39 - Click on the Sign in button[[ChromeDriver: chrome on WINDOWS (6a29267c8cc6945102087e7823aa14f6)] -> partial link text: Hello, Sign in]
2022-03-14 12:03:652 INFO  SignInPage :52 - Search in the search bar[[ChromeDriver: chrome on WINDOWS (6a29267c8cc6945102087e7823aa14f6)] -> xpath: //input[@name='email']]
2022-03-14 12:03:667 INFO  SignInPage :45 - Click on the Sign in button[[ChromeDriver: chrome on WINDOWS (6a29267c8cc6945102087e7823aa14f6)] -> id: continue]
2022-03-14 12:03:443 INFO  SignInPage :57 - Search in the search bar[[ChromeDriver: chrome on WINDOWS (6a29267c8cc6945102087e7823aa14f6)] -> name: password]
2022-03-14 12:03:457 INFO  SignInPage :61 - Click on the Sign in button[[ChromeDriver: chrome on WINDOWS (6a29267c8cc6945102087e7823aa14f6)] -> id: signInSubmit]
2022-03-14 12:03:527 INFO  SignInPage :68 - Verifies add to cart text[[ChromeDriver: chrome on WINDOWS (6a29267c8cc6945102087e7823aa14f6)] -> id: nav-link-accountList-nav-line-1]
2022-03-14 12:03:411 INFO  ProductPage :67 - Search in the search bar[[ChromeDriver: chrome on WINDOWS (6a29267c8cc6945102087e7823aa14f6)] -> id: twotabsearchtextbox]
2022-03-14 12:03:425 INFO  ProductPage :71 - Click on the Search button[[ChromeDriver: chrome on WINDOWS (6a29267c8cc6945102087e7823aa14f6)] -> id: nav-search-submit-button]
2022-03-14 12:03:48 INFO  ProductPage :76 - Click on the product Name[[ChromeDriver: chrome on WINDOWS (6a29267c8cc6945102087e7823aa14f6)] -> link text: Angels and Demons: (Robert Langdon Book 1)]
2022-03-14 12:03:477 INFO  ProductPage :92 - Search in the product quantity3
2022-03-14 12:03:494 INFO  ProductPage :98 - Click on the addToCartButton[[ChromeDriver: chrome on WINDOWS (6a29267c8cc6945102087e7823aa14f6)] -> xpath: //input[@id='add-to-cart-button']]
2022-03-14 12:03:711 INFO  ProductPage :104 - Verifies add to cart text[[ChromeDriver: chrome on WINDOWS (6a29267c8cc6945102087e7823aa14f6)] -> xpath: //span[contains(text(),'Added to Cart')]]
2022-03-14 12:03:916 INFO  ManageDriver :30 - Launching Chrome Browser
2022-03-14 12:03:192 INFO  HomePage :39 - Click on the Sign in button[[ChromeDriver: chrome on WINDOWS (e522f1a49f307954e9d57d28bf955c4e)] -> partial link text: Hello, Sign in]
2022-03-14 12:03:92 INFO  SignInPage :52 - Search in the search bar[[ChromeDriver: chrome on WINDOWS (e522f1a49f307954e9d57d28bf955c4e)] -> xpath: //input[@name='email']]
2022-03-14 12:03:107 INFO  SignInPage :45 - Click on the Sign in button[[ChromeDriver: chrome on WINDOWS (e522f1a49f307954e9d57d28bf955c4e)] -> id: continue]
2022-03-14 12:03:882 INFO  SignInPage :57 - Search in the search bar[[ChromeDriver: chrome on WINDOWS (e522f1a49f307954e9d57d28bf955c4e)] -> name: password]
2022-03-14 12:03:893 INFO  SignInPage :61 - Click on the Sign in button[[ChromeDriver: chrome on WINDOWS (e522f1a49f307954e9d57d28bf955c4e)] -> id: signInSubmit]
2022-03-14 12:03:113 INFO  ProductPage :67 - Search in the search bar[[ChromeDriver: chrome on WINDOWS (e522f1a49f307954e9d57d28bf955c4e)] -> id: twotabsearchtextbox]
2022-03-14 12:03:128 INFO  ProductPage :71 - Click on the Search button[[ChromeDriver: chrome on WINDOWS (e522f1a49f307954e9d57d28bf955c4e)] -> id: nav-search-submit-button]
2022-03-14 12:03:585 INFO  ProductPage :76 - Click on the product Name[[ChromeDriver: chrome on WINDOWS (e522f1a49f307954e9d57d28bf955c4e)] -> link text: Angels and Demons: (Robert Langdon Book 1)]
2022-03-14 12:03:368 INFO  ProductPage :92 - Search in the product quantity3
2022-03-14 12:03:385 INFO  ProductPage :98 - Click on the addToCartButton[[ChromeDriver: chrome on WINDOWS (e522f1a49f307954e9d57d28bf955c4e)] -> xpath: //input[@id='add-to-cart-button']]
2022-03-14 12:03:720 INFO  ProductPage :104 - Verifies add to cart text[[ChromeDriver: chrome on WINDOWS (e522f1a49f307954e9d57d28bf955c4e)] -> xpath: //span[contains(text(),'Added to Cart')]]
2022-03-14 12:03:615 INFO  ManageDriver :30 - Launching Chrome Browser
2022-03-14 12:03:905 INFO  HomePage :39 - Click on the Sign in button[[ChromeDriver: chrome on WINDOWS (ef4bab228b59d042e69d215effd1eea7)] -> partial link text: Hello, Sign in]
2022-03-14 12:03:928 INFO  SignInPage :52 - Search in the search bar[[ChromeDriver: chrome on WINDOWS (ef4bab228b59d042e69d215effd1eea7)] -> xpath: //input[@name='email']]
2022-03-14 12:03:942 INFO  SignInPage :45 - Click on the Sign in button[[ChromeDriver: chrome on WINDOWS (ef4bab228b59d042e69d215effd1eea7)] -> id: continue]
2022-03-14 12:03:792 INFO  SignInPage :57 - Search in the search bar[[ChromeDriver: chrome on WINDOWS (ef4bab228b59d042e69d215effd1eea7)] -> name: password]
2022-03-14 12:03:804 INFO  SignInPage :61 - Click on the Sign in button[[ChromeDriver: chrome on WINDOWS (ef4bab228b59d042e69d215effd1eea7)] -> id: signInSubmit]
2022-03-14 12:03:517 INFO  ProductPage :67 - Search in the search bar[[ChromeDriver: chrome on WINDOWS (ef4bab228b59d042e69d215effd1eea7)] -> id: twotabsearchtextbox]
2022-03-14 12:03:533 INFO  ProductPage :71 - Click on the Search button[[ChromeDriver: chrome on WINDOWS (ef4bab228b59d042e69d215effd1eea7)] -> id: nav-search-submit-button]
2022-03-14 12:03:112 INFO  ProductPage :76 - Click on the product Name[[ChromeDriver: chrome on WINDOWS (ef4bab228b59d042e69d215effd1eea7)] -> link text: Angels and Demons: (Robert Langdon Book 1)]
2022-03-14 12:03:319 INFO  ProductPage :92 - Search in the product quantity3
2022-03-14 12:03:345 INFO  ProductPage :98 - Click on the addToCartButton[[ChromeDriver: chrome on WINDOWS (ef4bab228b59d042e69d215effd1eea7)] -> xpath: //input[@id='add-to-cart-button']]
2022-03-14 12:03:655 INFO  ProductPage :104 - Verifies add to cart text[[ChromeDriver: chrome on WINDOWS (ef4bab228b59d042e69d215effd1eea7)] -> xpath: //span[contains(text(),'Added to Cart')]]
2022-03-14 12:03:326 INFO  ManageDriver :30 - Launching Chrome Browser
2022-03-14 12:03:726 INFO  HomePage :39 - Click on the Sign in button[[ChromeDriver: chrome on WINDOWS (2002d9d7b3057c528ccabb3de4975857)] -> partial link text: Hello, Sign in]
2022-03-14 12:03:765 INFO  SignInPage :52 - Search in the search bar[[ChromeDriver: chrome on WINDOWS (2002d9d7b3057c528ccabb3de4975857)] -> xpath: //input[@name='email']]
2022-03-14 12:03:780 INFO  SignInPage :45 - Click on the Sign in button[[ChromeDriver: chrome on WINDOWS (2002d9d7b3057c528ccabb3de4975857)] -> id: continue]
2022-03-14 12:03:610 INFO  SignInPage :57 - Search in the search bar[[ChromeDriver: chrome on WINDOWS (2002d9d7b3057c528ccabb3de4975857)] -> name: password]
2022-03-14 12:03:621 INFO  SignInPage :61 - Click on the Sign in button[[ChromeDriver: chrome on WINDOWS (2002d9d7b3057c528ccabb3de4975857)] -> id: signInSubmit]
2022-03-14 12:03:480 INFO  SignInPage :68 - Verifies add to cart text[[ChromeDriver: chrome on WINDOWS (2002d9d7b3057c528ccabb3de4975857)] -> xpath: //span[@id='nav-link-accountList-nav-line-1']]
2022-03-14 12:03:417 INFO  ProductPage :67 - Search in the search bar[[ChromeDriver: chrome on WINDOWS (2002d9d7b3057c528ccabb3de4975857)] -> id: twotabsearchtextbox]
2022-03-14 12:03:430 INFO  ProductPage :71 - Click on the Search button[[ChromeDriver: chrome on WINDOWS (2002d9d7b3057c528ccabb3de4975857)] -> id: nav-search-submit-button]
2022-03-14 12:03:924 INFO  ProductPage :76 - Click on the product Name[[ChromeDriver: chrome on WINDOWS (2002d9d7b3057c528ccabb3de4975857)] -> link text: Angels and Demons: (Robert Langdon Book 1)]
2022-03-14 12:03:628 INFO  ProductPage :92 - Search in the product quantity3
2022-03-14 12:03:654 INFO  ProductPage :98 - Click on the addToCartButton[[ChromeDriver: chrome on WINDOWS (2002d9d7b3057c528ccabb3de4975857)] -> xpath: //input[@id='add-to-cart-button']]
2022-03-14 12:03:164 INFO  ProductPage :104 - Verifies add to cart text[[ChromeDriver: chrome on WINDOWS (2002d9d7b3057c528ccabb3de4975857)] -> xpath: //span[contains(text(),'Added to Cart')]]
